<?xml version="1.0" encoding="UTF-8"?>
<testsuite xmlns:xsi="http://www.w3.org/2001/XMLSchema-instance" xsi:noNamespaceSchemaLocation="https://maven.apache.org/surefire/maven-surefire-plugin/xsd/surefire-test-report-3.0.xsd" version="3.0" name="br.com.musica.tests.ExecucaoCursoTest" time="0.094" tests="4" errors="0" skipped="0" failures="0">
  <properties>
[...]
</properties>
  <testcase name="executarCurso_idInexistente_retornaNull" classname="br.com.musica.tests.ExecucaoCursoTest" time="0.042"/>
  <testcase name="avaliacao_quandoTemMinimoAlunos_retornaAvaliacaoSimples" classname="br.com.musica.tests.ExecucaoCursoTest" time="0.006"/>
  <testcase name="avaliacao_quandoPercentualAtinge75_retornaAvaliacaoSimples" classname="br.com.musica.tests.ExecucaoCursoTest" time="0.001"/>
  <testcase name="avaliacao_quandoNaoAtingeRegras_retornaNaoElegivel" classname="br.com.musica.tests.ExecucaoCursoTest" time="0.002"/>
</testsuite>